d:\faks\racanim\labosi\lab1\lab1\x64\debug\vc143.pdb
d:\faks\racanim\labosi\lab1\lab1\x64\debug\vc143.idb
d:\faks\racanim\labosi\lab1\lab1\x64\debug\main.obj
d:\faks\racanim\labosi\lab2_1\lab1\x64\debug\vc142.pdb
d:\faks\racanim\labosi\lab2_1\lab1\x64\debug\vc142.idb
d:\faks\racanim\labosi\lab2_1\lab1\x64\debug\main.obj
d:\faks\racanim\labosi\lab1\x64\debug\lab1.exe
d:\faks\racanim\labosi\lab1\lab1\x64\debug\lab1.ilk
d:\faks\racanim\labosi\lab1\x64\debug\lab1.pdb
d:\faks\racanim\labosi\lab2_1\x64\debug\lab1.exe
d:\faks\racanim\labosi\lab2_1\lab1\x64\debug\lab1.ilk
d:\faks\racanim\labosi\lab2_1\x64\debug\lab1.pdb
d:\faks\racanim\labosi\lab2_1\lab1\x64\debug\vc143.idb
d:\faks\racanim\labosi\lab2_1\lab1\x64\debug\vc143.pdb
d:\faks\racanim\labosi\lab2_1\lab1\x64\debug\lab1.tlog\cl.command.1.tlog
d:\faks\racanim\labosi\lab2_1\lab1\x64\debug\lab1.tlog\cl.items.tlog
d:\faks\racanim\labosi\lab2_1\lab1\x64\debug\lab1.tlog\cl.read.1.tlog
d:\faks\racanim\labosi\lab2_1\lab1\x64\debug\lab1.tlog\cl.write.1.tlog
d:\faks\racanim\labosi\lab2_1\lab1\x64\debug\lab1.tlog\link.command.1.tlog
d:\faks\racanim\labosi\lab2_1\lab1\x64\debug\lab1.tlog\link.read.1.tlog
d:\faks\racanim\labosi\lab2_1\lab1\x64\debug\lab1.tlog\link.write.1.tlog
